
<<<<<<< HEAD
12월 05, 2020 22:51:48.61 NEW SESSION
12월 05, 2020 22:51:48.61 [4312:21600:1205/225148.612:ERROR:device_event_log_impl.cc(211)] [22:51:48.611] USB: usb_device_handle_win.cc:1020 Failed to read descriptor from node connection: 시스템에 부착된 장치가 작동하지 않습니다. (0x1F)
12월 05, 2020 22:51:48.61 [4312:21600:1205/225148.612:ERROR:device_event_log_impl.cc(211)] [22:51:48.612] USB: usb_device_handle_win.cc:1020 Failed to read descriptor from node connection: 시스템에 부착된 장치가 작동하지 않습니다. (0x1F)
12월 05, 2020 23:01:37.93 [1205/230137.938:ERROR:directory_reader_win.cc(43)] FindFirstFile: 지정된 경로를 찾을 수 없습니다. (0x3)
=======
11월 29, 2020 20:40:16.965 NEW SESSION
11월 29, 2020 20:40:16.965 [2696:1528:1129/204016.963:ERROR:device_event_log_impl.cc(211)] [20:40:16.963] Bluetooth: bluetooth_adapter_winrt.cc:1073 Getting Default Adapter failed.
11월 29, 2020 20:50:06.526 [1129/205006.526:ERROR:directory_reader_win.cc(43)] FindFirstFile: 지정된 경로를 찾을 수 없습니다. (0x3)

12월 02, 2020 23:30:51.620 NEW SESSION
12월 02, 2020 23:30:51.620 [6148:17856:1202/233051.619:ERROR:device_event_log_impl.cc(211)] [23:30:51.619] Bluetooth: bluetooth_adapter_winrt.cc:1073 Getting Default Adapter failed.
12월 02, 2020 23:40:47.771 [1202/234047.770:ERROR:directory_reader_win.cc(43)] FindFirstFile: 지정된 경로를 찾을 수 없습니다. (0x3)
12월 02, 2020 23:49:52.472 [3600:13708:1202/234952.472:ERROR:device_event_log_impl.cc(211)] [23:49:52.472] Bluetooth: bluetooth_adapter_winrt.cc:1073 Getting Default Adapter failed.
12월 02, 2020 23:57:29.768 [14024:18764:1202/235729.768:ERROR:device_event_log_impl.cc(211)] [23:57:29.768] Bluetooth: bluetooth_adapter_winrt.cc:1073 Getting Default Adapter failed.
12월 03, 2020 24:07:27.989 [1203/000727.988:ERROR:directory_reader_win.cc(43)] FindFirstFile: 지정된 경로를 찾을 수 없습니다. (0x3)

12월 03, 2020 02:31:08.571 NEW SESSION
12월 03, 2020 02:31:08.571 [9376:16608:1203/023108.569:ERROR:device_event_log_impl.cc(211)] [02:31:08.570] Bluetooth: bluetooth_adapter_winrt.cc:1073 Getting Default Adapter failed.

12월 03, 2020 10:04:00.400 NEW SESSION
12월 03, 2020 10:04:00.400 [13776:9356:1203/100400.399:ERROR:device_event_log_impl.cc(211)] [10:04:00.398] Bluetooth: bluetooth_adapter_winrt.cc:1073 Getting Default Adapter failed.
12월 03, 2020 10:13:50.618 [1203/101350.609:ERROR:directory_reader_win.cc(43)] FindFirstFile: 지정된 경로를 찾을 수 없습니다. (0x3)
12월 03, 2020 14:46:01.701 [7800:3592:1203/144601.701:ERROR:device_event_log_impl.cc(211)] [14:46:01.701] Bluetooth: bluetooth_adapter_winrt.cc:1073 Getting Default Adapter failed.
12월 03, 2020 14:55:54.883 [1203/145554.882:ERROR:directory_reader_win.cc(43)] FindFirstFile: 지정된 경로를 찾을 수 없습니다. (0x3)
12월 03, 2020 16:30:06.657 [7800:3592:1203/163006.656:ERROR:device_event_log_impl.cc(211)] [16:30:06.656] USB: usb_service_win.cc:258 Failed to get device driver name: 요소가 없습니다. (0x490)
>>>>>>> 845dd0380fa5e5349ebf0bf365c37175d902258e
